<html>
<head>
<title>TestNG:  Test</title>
<link href="../testng.css" rel="stylesheet" type="text/css" />
<link href="../my-testng.css" rel="stylesheet" type="text/css" />

<style type="text/css">
.log { display: none;} 
.stack-trace { display: none;} 
</style>
<script type="text/javascript">
<!--
function flip(e) {
  current = e.style.display;
  if (current == 'block') {
    e.style.display = 'none';
    return 0;
  }
  else {
    e.style.display = 'block';
    return 1;
  }
}

function toggleBox(szDivId, elem, msg1, msg2)
{
  var res = -1;  if (document.getElementById) {
    res = flip(document.getElementById(szDivId));
  }
  else if (document.all) {
    // this is the way old msie versions work
    res = flip(document.all[szDivId]);
  }
  if(elem) {
    if(res == 0) elem.innerHTML = msg1; else elem.innerHTML = msg2;
  }

}

function toggleAllBoxes() {
  if (document.getElementsByTagName) {
    d = document.getElementsByTagName('div');
    for (i = 0; i < d.length; i++) {
      if (d[i].className == 'log') {
        flip(d[i]);
      }
    }
  }
}

// -->
</script>

</head>
<body>
<h2 align='center'>Test</h2><table border='1' align="center">
<tr>
<td>Tests passed/Failed/Skipped:</td><td>8/1/0</td>
</tr><tr>
<td>Started on:</td><td>Wed Aug 03 08:10:37 IST 2022</td>
</tr>
<tr><td>Total time:</td><td>19 seconds (19903 ms)</td>
</tr><tr>
<td>Included groups:</td><td></td>
</tr><tr>
<td>Excluded groups:</td><td></td>
</tr>
</table><p/>
<small><i>(Hover the method name to see the test class name)</i></small><p/>
<table width='100%' border='1' class='invocation-failed'>
<tr><td colspan='4' align='center'><b>FAILED TESTS</b></td></tr>
<tr><td><b>Test method</b></td>
<td width="30%"><b>Exception</b></td>
<td width="10%"><b>Time (seconds)</b></td>
<td><b>Instance</b></td>
</tr>
<tr>
<td title='TestNgPractice.Assertions.SoftAssert()'><b>SoftAssert</b><br>Test class: TestNgPractice.Assertions</td>
<td><div><pre>java.lang.AssertionError: The following asserts failed:
	expected [11] but found [10]
	at TestNgPractice.Assertions.SoftAssert(Assertions.java:30)
	at java.base/java.util.concurrent.ThreadPoolExecutor.runWorker(ThreadPoolExecutor.java:1136)
	at java.base/java.util.concurrent.ThreadPoolExecutor$Worker.run(ThreadPoolExecutor.java:635)
	at java.base/java.lang.Thread.run(Thread.java:833)
... Removed 14 stack frames</pre></div><a href='#' onClick='toggleBox("stack-trace1934271318", this, "Click to show all stack frames", "Click to hide stack frames")'>Click to show all stack frames</a>
<div class='stack-trace' id='stack-trace1934271318'><pre>java.lang.AssertionError: The following asserts failed:
	expected [11] but found [10]
	at org.testng.asserts.SoftAssert.assertAll(SoftAssert.java:47)
	at org.testng.asserts.SoftAssert.assertAll(SoftAssert.java:31)
	at TestNgPractice.Assertions.SoftAssert(Assertions.java:30)
	at java.base/jdk.internal.reflect.NativeMethodAccessorImpl.invoke0(Native Method)
	at java.base/jdk.internal.reflect.NativeMethodAccessorImpl.invoke(NativeMethodAccessorImpl.java:77)
	at java.base/jdk.internal.reflect.DelegatingMethodAccessorImpl.invoke(DelegatingMethodAccessorImpl.java:43)
	at java.base/java.lang.reflect.Method.invoke(Method.java:568)
	at org.testng.internal.MethodInvocationHelper.invokeMethod(MethodInvocationHelper.java:133)
	at org.testng.internal.TestInvoker.invokeMethod(TestInvoker.java:598)
	at org.testng.internal.TestInvoker.invokeTestMethod(TestInvoker.java:173)
	at org.testng.internal.MethodRunner.runInSequence(MethodRunner.java:46)
	at org.testng.internal.TestInvoker$MethodInvocationAgent.invoke(TestInvoker.java:824)
	at org.testng.internal.TestInvoker.invokeTestMethods(TestInvoker.java:146)
	at org.testng.internal.TestMethodWorker.invokeTestMethods(TestMethodWorker.java:146)
	at org.testng.internal.TestMethodWorker.run(TestMethodWorker.java:128)
	at java.base/java.util.concurrent.ThreadPoolExecutor.runWorker(ThreadPoolExecutor.java:1136)
	at java.base/java.util.concurrent.ThreadPoolExecutor$Worker.run(ThreadPoolExecutor.java:635)
	at java.base/java.lang.Thread.run(Thread.java:833)
</pre></div></td>
<td>0</td>
<td>TestNgPractice.Assertions@22ef9844</td></tr>
</table><p>
<table width='100%' border='1' class='invocation-passed'>
<tr><td colspan='4' align='center'><b>PASSED TESTS</b></td></tr>
<tr><td><b>Test method</b></td>
<td width="30%"><b>Exception</b></td>
<td width="10%"><b>Time (seconds)</b></td>
<td><b>Instance</b></td>
</tr>
<tr>
<td title='TestNgPractice.Priority_Example_Annotation_order.test()'><b>test</b><br>Test class: TestNgPractice.Priority_Example_Annotation_order</td>
<td></td>
<td>0</td>
<td>TestNgPractice.Priority_Example_Annotation_order@7fee8714</td></tr>
<tr>
<td title='TestNgPractice.priorityExaple.zflipkartTittle()'><b>zflipkartTittle</b><br>Test class: TestNgPractice.priorityExaple</td>
<td></td>
<td>1</td>
<td>TestNgPractice.priorityExaple@3f6b0be5</td></tr>
<tr>
<td title='TestNgPractice.Annotations_Usage.ordeofannotation()'><b>ordeofannotation</b><br>Test class: TestNgPractice.Annotations_Usage</td>
<td></td>
<td>13</td>
<td>TestNgPractice.Annotations_Usage@47987356</td></tr>
<tr>
<td title='TestNgPractice.priorityExaple.googleTittle()'><b>googleTittle</b><br>Test class: TestNgPractice.priorityExaple</td>
<td></td>
<td>2</td>
<td>TestNgPractice.priorityExaple@3f6b0be5</td></tr>
<tr>
<td title='TestNgPractice.Priority_Example_Annotation_order.test2()'><b>test2</b><br>Test class: TestNgPractice.Priority_Example_Annotation_order</td>
<td></td>
<td>0</td>
<td>TestNgPractice.Priority_Example_Annotation_order@7fee8714</td></tr>
<tr>
<td title='TestNgPractice.Priority_Example_Annotation_order.test3()'><b>test3</b><br>Test class: TestNgPractice.Priority_Example_Annotation_order</td>
<td></td>
<td>0</td>
<td>TestNgPractice.Priority_Example_Annotation_order@7fee8714</td></tr>
<tr>
<td title='TestNgPractice.Priority_Example_Annotation_order.test4()'><b>test4</b><br>Test class: TestNgPractice.Priority_Example_Annotation_order</td>
<td></td>
<td>0</td>
<td>TestNgPractice.Priority_Example_Annotation_order@7fee8714</td></tr>
<tr>
<td title='TestNgPractice.Priority_Example_Annotation_order.test5()'><b>test5</b><br>Test class: TestNgPractice.Priority_Example_Annotation_order</td>
<td></td>
<td>0</td>
<td>TestNgPractice.Priority_Example_Annotation_order@7fee8714</td></tr>
</table><p>
</body>
</html>